\BOOKMARK [-1][-]{part.1}{\376\377\000I\000\040\000I\000n\000t\000r\000o\000d\000u\000c\000t\000i\000o\000n}{}% 1
\BOOKMARK [0][-]{chapter.1}{\376\377\330\074\337\336\376\017\000\040\000W\000h\000y\000\040\000u\000s\000e\000\040\000m\000o\000d\000e\000l\000s\000\040\000i\000n\000\040\000O\000r\000g\000a\000n\000i\000s\000m\000a\000l\000\040\000B\000i\000o\000l\000o\000g\000y\000?}{part.1}% 2
\BOOKMARK [0][-]{chapter.2}{\376\377\000H\000o\000w\000\040\000t\000o\000\040\000u\000s\000e\000\040\000t\000h\000i\000s\000\040\000b\000o\000o\000k}{part.1}% 3
\BOOKMARK [0][-]{chapter.3}{\376\377\000T\000e\000r\000m\000s\000\040\000o\000f\000\040\000U\000s\000e}{part.1}% 4
\BOOKMARK [0][-]{chapter.4}{\376\377\330\076\335\356\000\040\000A\000n\000\040\000e\000x\000a\000m\000p\000l\000e\000\040\000J\000u\000p\000y\000t\000e\000r\000\040\000n\000o\000t\000e\000b\000o\000o\000k}{part.1}% 5
\BOOKMARK [1][-]{section.4.1}{\376\377\000J\000u\000p\000y\000t\000e\000r\000\040\000n\000o\000t\000e\000b\000o\000o\000k\000\040\000s\000t\000r\000u\000c\000t\000u\000r\000e}{chapter.4}% 6
\BOOKMARK [1][-]{section.4.2}{\376\377\000P\000y\000t\000h\000o\000n\000\040\000c\000o\000d\000e\000\040\000c\000e\000l\000l\000s}{chapter.4}% 7
\BOOKMARK [2][-]{subsection.4.2.1}{\376\377\000C\000o\000d\000e\000\040\000c\000e\000l\000l\000\040\000v\000i\000s\000i\000b\000i\000l\000i\000t\000y}{section.4.2}% 8
\BOOKMARK [0][-]{chapter.5}{\376\377\330\074\337\336\376\017\000\040\000A\000l\000l\000o\000m\000e\000t\000r\000y\000:\000\040\000H\000o\000w\000\040\000o\000r\000g\000a\000n\000i\000s\000m\000a\000l\000\040\000c\000h\000a\000r\000a\000c\000t\000e\000r\000i\000s\000t\000i\000c\000s\000\040\000v\000a\000r\000y\000\040\000w\000i\000t\000h\000\040\000s\000i\000z\000e}{part.1}% 9
\BOOKMARK [1][-]{section.5.1}{\376\377\000I\000s\000o\000m\000e\000t\000r\000i\000c\000\040\000s\000c\000a\000l\000i\000n\000g}{chapter.5}% 10
\BOOKMARK [1][-]{section.5.2}{\376\377\000A\000l\000l\000o\000m\000e\000t\000r\000i\000c\000\040\000s\000c\000a\000l\000i\000n\000g}{chapter.5}% 11
\BOOKMARK [0][-]{chapter.6}{\376\377\330\076\335\356\000\040\000S\000c\000a\000l\000e\000\040\000m\000o\000d\000e\000l\000s\000\040\000a\000n\000d\000\040\000d\000y\000n\000a\000m\000i\000c\000\040\000s\000i\000m\000i\000l\000a\000r\000i\000t\000y}{part.1}% 12
\BOOKMARK [1][-]{subsection.6.0.1}{\376\377\000D\000y\000n\000a\000m\000i\000c\000\040\000s\000i\000m\000i\000l\000a\000r\000i\000t\000y}{chapter.6}% 13
\BOOKMARK [1][-]{section.6.1}{\376\377\000E\000s\000t\000a\000b\000l\000i\000s\000h\000i\000n\000g\000\040\000d\000y\000n\000a\000m\000i\000c\000\040\000s\000i\000m\000i\000l\000a\000r\000i\000t\000y}{chapter.6}% 14
\BOOKMARK [2][-]{subsection.6.1.1}{\376\377\000W\000h\000y\000\040\000d\000o\000e\000s\000\040\000t\000h\000e\000\040\000F\000r\000o\000u\000d\000\040\000n\000u\000m\000b\000e\000r\000\040\000d\000e\000t\000e\000r\000m\000i\000n\000e\000\040\000d\000y\000n\000a\000m\000i\000c\000\040\000s\000i\000m\000i\000l\000a\000r\000i\000t\000y\000\040\000f\000o\000r\000\040\000s\000h\000i\000p\000s\000\040\000a\000n\000d\000\040\000s\000h\000i\000p\000\040\000m\000o\000d\000e\000l\000s\000?}{section.6.1}% 15
\BOOKMARK [2][-]{subsection.6.1.2}{\376\377\000N\000o\000n\000d\000i\000m\000e\000n\000s\000i\000o\000n\000a\000l\000\040\000n\000u\000m\000b\000e\000r\000s}{section.6.1}% 16
\BOOKMARK [0][-]{chapter.7}{\376\377\330\075\334\326\000\040\000N\000o\000n\000-\000d\000i\000m\000e\000n\000s\000i\000o\000n\000a\000l\000\040\000n\000u\000m\000b\000e\000r\000s}{part.1}% 17
\BOOKMARK [1][-]{section.7.1}{\376\377\000C\000h\000a\000r\000a\000c\000t\000e\000r\000i\000s\000t\000i\000c\000\040\000v\000a\000l\000u\000e\000s}{chapter.7}% 18
\BOOKMARK [2][-]{subsection.7.1.1}{\376\377\000C\000h\000a\000r\000a\000c\000t\000e\000r\000i\000s\000t\000i\000c\000\040\000d\000i\000m\000e\000n\000s\000i\000o\000n\000s\000\040\000o\000f\000\040\000a\000n\000\040\000e\000g\000g}{section.7.1}% 19
\BOOKMARK [2][-]{subsection.7.1.2}{\376\377\000W\000h\000a\000t\000\040\000d\000i\000d\000\040\000w\000e\000\040\000j\000u\000s\000t\000\040\000d\000o\000?}{section.7.1}% 20
\BOOKMARK [2][-]{subsection.7.1.3}{\376\377\000N\000o\000n\000d\000i\000m\000e\000n\000s\000i\000o\000n\000a\000l\000i\000z\000a\000t\000i\000o\000n\000\040\000a\000s\000\040\000a\000\040\000g\000e\000n\000e\000r\000a\000l\000\040\000a\000p\000p\000r\000o\000a\000c\000h}{section.7.1}% 21
\BOOKMARK [-1][-]{part.2}{\376\377\000I\000I\000\040\000B\000i\000o\000m\000e\000c\000h\000a\000n\000i\000c\000s}{}% 22
\BOOKMARK [0][-]{section.7.2}{\376\377\000R\000e\000S\000p\000h\000e\000r\000e}{part.2}% 23
\BOOKMARK [1][-]{section.7.3}{\376\377\330\075\334\326\376\017\376\017\000\040\000M\000o\000v\000e\000m\000e\000n\000t\000\040\000o\000f\000\040\000o\000r\000g\000a\000n\000i\000s\000m\000s\000\040\000i\000n\000\040\000f\000l\000u\000i\000d}{section.7.2}% 24
\BOOKMARK [2][-]{subsection.7.3.1}{\376\377\000M\000o\000t\000i\000v\000a\000t\000i\000o\000n}{section.7.3}% 25
\BOOKMARK [1][-]{section.7.4}{\376\377\330\076\335\355\376\017\000\040\000O\000r\000g\000a\000n\000i\000z\000a\000t\000i\000o\000n}{section.7.2}% 26
\BOOKMARK [1][-]{section.7.5}{\376\377\330\074\337\336\376\017\000\040\000W\000h\000a\000t\000\040\000m\000a\000k\000e\000s\000\040\000o\000r\000g\000a\000n\000i\000s\000m\000s\000\040\000m\000o\000v\000e\000\040\000t\000h\000r\000o\000u\000g\000h\000\040\000f\000l\000u\000i\000d\000s\000\040\000\050\000a\000n\000d\000\040\000w\000h\000a\000t\000\040\000s\000l\000o\000w\000s\000\040\000t\000h\000e\000m\000\040\000d\000o\000w\000n\000\051\000?}{section.7.2}% 27
\BOOKMARK [2][-]{subsection.7.5.1}{\376\377\000T\000h\000e\000\040\000l\000e\000f\000t\000h\000a\000n\000d\000\040\000s\000i\000d\000e\000:\000\040\000T\000h\000e\000\040\000s\000u\000m\000\040\000o\000f\000\040\000f\000o\000r\000c\000e\000s}{section.7.5}% 28
\BOOKMARK [2][-]{subsection.7.5.2}{\376\377\000T\000h\000e\000\040\000r\000i\000g\000h\000t\000h\000a\000n\000d\000\040\000s\000i\000d\000e\000:\000\040\000M\000a\000s\000s\000\040\000\040\000a\000c\000c\000e\000l\000e\000r\000a\000t\000i\000o\000n}{section.7.5}% 29
\BOOKMARK [2][-]{subsection.7.5.3}{\376\377\000U\000n\000d\000e\000r\000s\000t\000a\000n\000d\000i\000n\000g\000\040\000m\000o\000v\000e\000m\000e\000n\000t\000\040\000t\000h\000r\000o\000u\000g\000h\000\040\000f\000l\000u\000i\000d\000s}{section.7.5}% 30
\BOOKMARK [1][-]{section.7.6}{\376\377\330\074\337\336\376\017\000\040\000W\000h\000a\000t\000\040\000a\000r\000e\000\040\000t\000h\000e\000\040\000f\000o\000r\000c\000e\000s\000\040\000a\000c\000t\000i\000n\000g\000\040\000o\000n\000\040\000i\000m\000m\000e\000r\000s\000e\000d\000\040\000p\000a\000r\000t\000i\000c\000l\000e\000s\000?}{section.7.2}% 31
\BOOKMARK [1][-]{section.7.7}{\376\377\330\074\337\336\376\017\000\040\000M\000o\000m\000e\000n\000t\000u\000m\000\040\000c\000h\000a\000n\000g\000e\000s\000\040\000d\000u\000e\000\040\000t\000o\000\040\000`\000`\000a\000d\000d\000e\000d\000\040\000m\000a\000s\000s\000'\000'\000\040\000a\000n\000d\000\040\000`\000`\000w\000a\000k\000e\000\040\000m\000o\000m\000e\000n\000t\000u\000m\000'\000'}{section.7.2}% 32
\BOOKMARK [2][-]{subsection.7.7.1}{\376\377\000A\000d\000d\000e\000d\000\040\000m\000a\000s\000s}{section.7.7}% 33
\BOOKMARK [2][-]{subsection.7.7.2}{\376\377\000W\000a\000k\000e\000\040\000m\000o\000m\000e\000n\000t\000u\000m}{section.7.7}% 34
\BOOKMARK [2][-]{subsection.7.7.3}{\376\377\000S\000u\000m\000m\000a\000r\000y}{section.7.7}% 35
\BOOKMARK [1][-]{section.7.8}{\376\377\330\075\334\326\376\017\000\040\000E\000s\000t\000i\000m\000a\000t\000i\000n\000g\000\040\000d\000r\000a\000g\000\040\000f\000o\000r\000c\000e\000s\000,\000\040\000P\000a\000r\000t\000\040\0001}{section.7.2}% 36
\BOOKMARK [2][-]{subsection.7.8.1}{\376\377\000O\000r\000g\000a\000n\000i\000s\000m\000a\000l\000\040\000c\000h\000a\000r\000a\000c\000t\000e\000r\000i\000s\000t\000i\000c\000s}{section.7.8}% 37
\BOOKMARK [2][-]{subsection.7.8.2}{\376\377\000F\000l\000u\000i\000d\000\040\000c\000h\000a\000r\000a\000c\000t\000e\000r\000i\000s\000t\000i\000c\000s}{section.7.8}% 38
\BOOKMARK [1][-]{section.7.9}{\376\377\330\075\334\326\376\017\000\040\000E\000s\000t\000i\000m\000a\000t\000i\000n\000g\000\040\000d\000r\000a\000g\000\040\000f\000o\000r\000c\000e\000s\000,\000\040\000P\000a\000r\000t\000\040\0002}{section.7.2}% 39
\BOOKMARK [2][-]{subsection.7.9.1}{\376\377\000F\000o\000r\000c\000e\000s\000\040\000d\000u\000e\000\040\000t\000o\000\040\000w\000a\000k\000e\000\040\000m\000o\000m\000e\000n\000t\000u\000m}{section.7.9}% 40
\BOOKMARK [2][-]{subsection.7.9.2}{\376\377\000F\000o\000r\000c\000e\000s\000\040\000d\000u\000e\000\040\000t\000o\000\040\000v\000i\000s\000c\000o\000s\000i\000t\000y}{section.7.9}% 41
\BOOKMARK [1][-]{section.7.10}{\376\377\330\075\334\241\000\040\000S\000c\000a\000l\000i\000n\000g\000\040\000o\000f\000\040\000f\000l\000u\000i\000d\000\040\000f\000o\000r\000c\000e\000s\000:\000\040\000t\000h\000e\000\040\000R\000e\000y\000n\000o\000l\000d\000s\000\040\000N\000u\000m\000b\000e\000r}{section.7.2}% 42
\BOOKMARK [2][-]{subsection.7.10.1}{\376\377\000S\000c\000a\000l\000e\000\040\000m\000o\000d\000e\000l\000s\000\040\000a\000n\000d\000\040\000d\000y\000n\000a\000m\000i\000c\000\040\000s\000i\000m\000i\000l\000a\000r\000i\000t\000y}{section.7.10}% 43
\BOOKMARK [2][-]{subsection.7.10.2}{\376\377\000R\000e\000y\000n\000o\000l\000d\000s\000\040\000n\000u\000m\000b\000e\000r\000\040\000a\000s\000\040\000a\000n\000\040\000a\000n\000a\000l\000y\000t\000i\000c\000a\000l\000\040\000t\000o\000o\000l}{section.7.10}% 44
\BOOKMARK [2][-]{subsection.7.10.3}{\376\377\000R\000e\000v\000e\000r\000s\000i\000b\000l\000e\000\040\000a\000n\000d\000\040\000i\000r\000r\000e\000v\000e\000r\000s\000i\000b\000l\000e\000\040\000f\000l\000o\000w\000s}{section.7.10}% 45
\BOOKMARK [2][-]{subsection.7.10.4}{\376\377\000F\000i\000n\000a\000l\000\040\000p\000o\000i\000n\000t\000s}{section.7.10}% 46
\BOOKMARK [1][-]{section.7.11}{\376\377\330\075\334\241\376\017\000\040\000`\000`\000L\000o\000o\000k\000-\000u\000p\000\040\000t\000a\000b\000l\000e\000s\000'\000'\000\040\000f\000o\000r\000\040\000d\000r\000a\000g\000\040\000f\000o\000r\000c\000e\000s\000\040\000o\000n\000\040\000m\000o\000v\000i\000n\000g\000\040\000p\000a\000r\000t\000i\000c\000l\000e\000s}{section.7.2}% 47
\BOOKMARK [1][-]{section.7.12}{\376\377\330\076\335\356\000\040\000T\000h\000e\000\040\000C\000o\000e\000f\000f\000i\000c\000i\000e\000n\000t\000\040\000o\000f\000\040\000D\000r\000a\000g}{section.7.2}% 48
\BOOKMARK [2][-]{subsection.7.12.1}{\376\377\000H\000o\000w\000\040\000t\000o\000\040\000c\000a\000l\000c\000u\000l\000a\000t\000e\000\040\000d\000r\000a\000g\000\040\000f\000o\000r\000c\000e\000s\000\040\000o\000n\000\040\000o\000r\000g\000a\000n\000i\000s\000m\000s}{section.7.12}% 49
\BOOKMARK [2][-]{subsection.7.12.2}{\376\377\000T\000r\000e\000n\000d\000s\000\040\000i\000n\000\040\000t\000h\000e\000\040\000C\000d\000\040\000c\000u\000r\000v\000e}{section.7.12}% 50
\BOOKMARK [1][-]{section.7.13}{\376\377\330\076\335\356\000\040\000C\000a\000l\000c\000u\000l\000a\000t\000i\000o\000n\000s\000\040\000f\000o\000r\000\040\000s\000p\000h\000e\000r\000e\000s\000\040\000m\000o\000v\000i\000n\000g\000\040\000t\000h\000r\000o\000u\000g\000h\000\040\000f\000l\000u\000i\000d\000s}{section.7.2}% 51
\BOOKMARK [2][-]{subsection.7.13.1}{\376\377\000M\000a\000t\000c\000h\000i\000n\000g\000\040\000R\000e\000y\000n\000o\000l\000d\000s\000\040\000n\000u\000m\000b\000e\000r\000s\000\040\000f\000o\000r\000\040\000d\000y\000n\000a\000m\000i\000c\000\040\000s\000i\000m\000i\000l\000a\000r\000i\000t\000y}{section.7.13}% 52
\BOOKMARK [2][-]{subsection.7.13.2}{\376\377\000C\000a\000l\000c\000u\000l\000a\000t\000i\000n\000g\000\040\000f\000o\000r\000c\000e\000\040\000o\000n\000\040\000a\000\040\000s\000p\000h\000e\000r\000i\000c\000a\000l\000\040\000p\000a\000r\000t\000i\000c\000l\000e\000\040\000m\000o\000v\000i\000n\000g\000\040\000a\000t\000\040\000k\000n\000o\000w\000n\000\040\000v\000e\000l\000o\000c\000i\000t\000y\000,\000\040\000U}{section.7.13}% 53
\BOOKMARK [2][-]{subsection.7.13.3}{\376\377\000C\000a\000l\000c\000u\000l\000a\000t\000i\000n\000g\000\040\000v\000e\000l\000o\000c\000i\000t\000y\000\040\000o\000f\000\040\000a\000\040\000s\000p\000h\000e\000r\000i\000c\000a\000l\000\040\000p\000a\000r\000t\000i\000c\000l\000e\000\040\000p\000r\000o\000p\000e\000l\000l\000e\000d\000\040\000b\000y\000\040\000k\000n\000o\000w\000n\000\040\000f\000o\000r\000c\000e\000,\000\040\000F}{section.7.13}% 54
\BOOKMARK [1][-]{section.7.14}{\376\377\330\075\334\326\376\017\000\040\000T\000r\000a\000n\000s\000p\000o\000r\000t\000\040\000o\000f\000\040\000o\000r\000g\000a\000n\000i\000s\000m\000s\000\040\000b\000y\000\040\000c\000u\000r\000r\000e\000n\000t\000s\000\040\000a\000n\000d\000\040\000t\000u\000r\000b\000u\000l\000e\000n\000c\000e}{section.7.2}% 55
\BOOKMARK [2][-]{subsection.7.14.1}{\376\377\000E\000x\000a\000m\000p\000l\000e\000s\000\040\000o\000f\000\040\000t\000r\000a\000n\000s\000p\000o\000r\000t\000\040\000i\000n\000\040\000e\000n\000v\000i\000r\000o\000n\000m\000e\000n\000t\000a\000l\000\040\000f\000l\000o\000w\000s}{section.7.14}% 56
\BOOKMARK [2][-]{subsection.7.14.2}{\376\377\000T\000r\000a\000n\000s\000p\000o\000r\000t\000\040\000b\000y\000\040\000a\000d\000v\000e\000c\000t\000i\000o\000n}{section.7.14}% 57
\BOOKMARK [2][-]{subsection.7.14.3}{\376\377\000M\000i\000x\000i\000n\000g\000\040\000b\000y\000\040\000t\000u\000r\000b\000u\000l\000e\000n\000c\000e}{section.7.14}% 58
\BOOKMARK [2][-]{subsection.7.14.4}{\376\377\000D\000i\000s\000t\000r\000i\000b\000u\000t\000i\000o\000n\000s\000\040\000o\000f\000\040\000o\000r\000g\000a\000n\000i\000s\000m\000s\000\040\000i\000n\000\040\000e\000n\000v\000i\000r\000o\000n\000m\000e\000n\000t\000a\000l\000\040\000f\000l\000o\000w\000s}{section.7.14}% 59
\BOOKMARK [1][-]{section.7.15}{\376\377\330\076\335\356\000\040\000M\000o\000d\000e\000l\000s\000\040\000o\000f\000\040\000p\000a\000r\000t\000i\000c\000l\000e\000\040\000t\000r\000a\000n\000s\000p\000o\000r\000t\000\040\000b\000y\000\040\000a\000d\000v\000e\000c\000t\000i\000o\000n\000\040\000a\000n\000d\000\040\000t\000u\000r\000b\000u\000l\000e\000n\000c\000e}{section.7.2}% 60
\BOOKMARK [2][-]{subsection.7.15.1}{\376\377\000M\000o\000d\000e\000l\000\040\000r\000a\000t\000i\000o\000n\000a\000l\000e}{section.7.15}% 61
\BOOKMARK [1][-]{section.7.16}{\376\377\330\075\334\326\376\017\000\040\000M\000a\000s\000s\000\040\000f\000l\000u\000x\000\040\000i\000n\000\040\000a\000n\000d\000\040\000o\000u\000t\000\040\000o\000f\000\040\000m\000o\000v\000i\000n\000g\000\040\000o\000r\000g\000a\000n\000i\000s\000m\000s}{section.7.2}% 62
\BOOKMARK [1][-]{section.7.17}{\376\377\330\076\335\356\000\040\000E\000f\000f\000e\000c\000t\000s\000\040\000o\000f\000\040\000f\000l\000o\000w\000\040\000o\000n\000\040\000m\000o\000l\000e\000c\000u\000l\000a\000r\000\040\000t\000r\000a\000n\000s\000p\000o\000r\000t\000\040\000m\000e\000c\000h\000a\000n\000i\000s\000m\000s}{section.7.2}% 63
\BOOKMARK [2][-]{subsection.7.17.1}{\376\377\000S\000h\000e\000r\000w\000o\000o\000d\000\040\000n\000u\000m\000b\000e\000r\000\040\000c\000a\000l\000c\000u\000l\000a\000t\000o\000r}{section.7.17}% 64
\BOOKMARK [-1][-]{part.3}{\376\377\000I\000I\000I\000\040\000D\000e\000m\000o\000g\000r\000a\000p\000h\000y}{}% 65
\BOOKMARK [0][-]{section.7.18}{\376\377\330\075\334\326\000\040\000C\000l\000o\000n\000i\000n\000g\000\040\000i\000n\000\040\000m\000a\000r\000i\000n\000e\000\040\000i\000n\000v\000e\000r\000t\000e\000b\000r\000a\000t\000e\000\040\000l\000a\000r\000v\000a\000e}{part.3}% 66
\BOOKMARK [1][-]{subsection.7.18.1}{\376\377\330\075\334\326\000\040\000M\000o\000d\000e\000s\000\040\000o\000f\000\040\000c\000l\000o\000n\000i\000n\000g}{section.7.18}% 67
\BOOKMARK [2][-]{subsection.7.18.2}{\376\377\330\076\335\356\000\040\000M\000o\000d\000e\000l\000i\000n\000g\000\040\000t\000h\000e\000\040\000d\000e\000m\000o\000g\000r\000a\000p\000h\000i\000c\000\040\000i\000m\000p\000l\000i\000c\000a\000t\000i\000o\000n\000s\000\040\000o\000f\000\040\000c\000l\000o\000n\000i\000n\000g\000\040\000i\000n\000\040\000m\000a\000r\000i\000n\000e\000\040\000i\000n\000v\000e\000r\000t\000e\000b\000r\000a\000t\000e\000\040\000l\000a\000r\000v\000a\000e}{subsection.7.18.1}% 68
\BOOKMARK [1][-]{section.7.19}{\376\377\330\075\334\326\376\017\000\040\000W\000h\000y\000\040\000a\000r\000e\000\040\000d\000i\000a\000t\000o\000m\000s\000\040\000l\000a\000r\000g\000e\000r\000\040\000i\000n\000\040\000m\000a\000r\000i\000n\000e\000\040\000t\000h\000a\000n\000\040\000f\000r\000e\000s\000h\000w\000a\000t\000e\000r\000\040\000h\000a\000b\000i\000t\000a\000t\000s\000?}{section.7.18}% 69
\BOOKMARK [2][-]{subsection.7.19.1}{\376\377\330\075\334\326\376\017\000\040\000D\000i\000a\000t\000o\000m\000s\000\040\000a\000n\000d\000\040\000m\000i\000x\000e\000d\000\040\000l\000a\000y\000e\000r\000s}{section.7.19}% 70
\BOOKMARK [2][-]{subsection.7.19.2}{\376\377\330\075\334\326\376\017\000\040\000A\000l\000l\000o\000m\000e\000t\000r\000y\000\040\000o\000f\000\040\000g\000r\000o\000w\000t\000h\000,\000\040\000n\000u\000t\000r\000i\000e\000n\000t\000\040\000a\000c\000q\000u\000i\000s\000i\000t\000i\000o\000n\000\040\000a\000n\000d\000\040\000s\000t\000o\000r\000a\000g\000e\000\040\000i\000n\000\040\000d\000i\000a\000t\000o\000m\000s}{section.7.19}% 71
\BOOKMARK [2][-]{subsection.7.19.3}{\376\377\330\075\334\241\376\017\000\040\000E\000v\000o\000l\000u\000t\000i\000o\000n\000a\000r\000i\000l\000y\000\040\000S\000t\000a\000b\000l\000e\000\040\000S\000t\000a\000t\000e\000s\000:\000\040\000P\000r\000e\000d\000i\000c\000t\000i\000n\000g\000\040\000t\000h\000e\000\040\000o\000u\000t\000c\000o\000m\000e\000s\000\040\000o\000f\000\040\000n\000a\000t\000u\000r\000a\000l\000\040\000s\000e\000l\000e\000c\000t\000i\000o\000n}{section.7.19}% 72
\BOOKMARK [2][-]{subsection.7.19.4}{\376\377\330\074\337\336\376\017\000\040\000A\000l\000l\000o\000m\000e\000t\000r\000y\000\040\000a\000n\000d\000\040\000s\000i\000z\000e\000-\000s\000e\000l\000e\000c\000t\000i\000o\000n\000\040\000i\000n\000\040\000d\000i\000a\000t\000o\000m\000s}{section.7.19}% 73
\BOOKMARK [2][-]{subsection.7.19.5}{\376\377\330\076\335\356\000\040\000S\000i\000z\000e\000-\000s\000e\000l\000e\000c\000t\000i\000o\000n\000\040\000o\000f\000\040\000d\000i\000a\000t\000o\000m\000s\000\040\000i\000n\000\040\000f\000l\000u\000c\000t\000u\000a\000t\000i\000n\000g\000\040\000e\000n\000v\000i\000r\000o\000n\000m\000e\000n\000t\000s}{section.7.19}% 74
\BOOKMARK [2][-]{subsection.7.19.6}{\376\377\330\075\336\374\000\040\000S\000i\000z\000e\000-\000d\000e\000p\000e\000n\000d\000e\000n\000c\000e\000\040\000o\000f\000\040\000d\000i\000a\000t\000o\000m\000\040\000b\000i\000o\000m\000a\000s\000s\000\040\000i\000n\000\040\000m\000i\000x\000e\000d\000\040\000l\000a\000y\000e\000r\000s}{section.7.19}% 75
\BOOKMARK [2][-]{subsection.7.19.7}{\376\377\330\075\336\374\000\040\000E\000v\000o\000l\000u\000t\000i\000o\000n\000a\000r\000i\000l\000y\000\040\000S\000t\000a\000b\000l\000e\000\040\000S\000t\000a\000t\000e\000s\000\040\000f\000o\000r\000\040\000d\000i\000a\000t\000o\000m\000s\000\040\000i\000n\000\040\000m\000i\000x\000e\000d\000\040\000l\000a\000y\000e\000r\000s}{section.7.19}% 76
\BOOKMARK [2][-]{subsection.7.19.8}{\376\377\330\075\336\374\000\040\000I\000m\000p\000l\000i\000c\000a\000t\000i\000o\000n\000s\000\040\000o\000f\000\040\000a\000l\000l\000o\000m\000e\000t\000r\000y\000\040\000f\000o\000r\000\040\000d\000i\000a\000t\000o\000m\000\040\000a\000q\000u\000a\000c\000u\000l\000t\000u\000r\000e\000\040\000a\000n\000d\000\040\000c\000a\000r\000b\000o\000n\000\040\000s\000e\000q\000u\000e\000s\000t\000r\000a\000t\000i\000o\000n}{section.7.19}% 77
\BOOKMARK [2][-]{subsection.7.19.9}{\376\377\376\017\330\075\334\241\376\017\000\040\000A\000\040\000`\000`\000q\000u\000o\000t\000a\000'\000'\000\040\000m\000o\000d\000e\000l\000\040\000o\000f\000\040\000d\000i\000a\000t\000o\000m\000\040\000d\000e\000m\000o\000g\000r\000a\000p\000h\000y}{section.7.19}% 78
\BOOKMARK [-1][-]{part.4}{\376\377\000I\000V\000\040\000S\000p\000a\000t\000i\000a\000l\000\040\000D\000y\000n\000a\000m\000i\000c\000s}{}% 79
\BOOKMARK [-1][-]{part.5}{\376\377\000V\000\040\000E\000x\000p\000e\000r\000i\000m\000e\000n\000t\000a\000l\000\040\000M\000e\000t\000h\000o\000d\000s}{}% 80
\BOOKMARK [-1][-]{part.6}{\376\377\000V\000I\000\040\000A\000p\000p\000e\000n\000d\000i\000x}{}% 81
\BOOKMARK [0][-]{chapter.8}{\376\377\330\076\335\355\376\017\000\040\000S\000e\000a\000r\000c\000h\000i\000n\000g\000\040\000t\000h\000e\000\040\000O\000S\000Y\000M\000\040\000l\000i\000b\000r\000a\000r\000y\000\040\000f\000o\000r\000\040\000M\000o\000d\000e\000l\000s\000,\000\040\000C\000o\000n\000t\000e\000x\000t\000,\000\040\000A\000c\000t\000i\000v\000i\000t\000i\000e\000s\000\040\000a\000n\000d\000\040\000Q\000u\000i\000c\000k\000\040\000E\000x\000p\000l\000a\000i\000n\000e\000r\000s}{part.6}% 82
